CRITICAL - 2021-01-06 00:21:30 --> Invalid file: admin.php
#0 C:\Users\KOMINFO\Documents\112site\project\112site\system\View\View.php(228): CodeIgniter\Exceptions\FrameworkException::forInvalidFile('admin.php')
#1 C:\Users\KOMINFO\Documents\112site\project\112site\system\Common.php(1119): CodeIgniter\View\View->render('admin', Array, true)
#2 C:\Users\KOMINFO\Documents\112site\project\112site\app\Controllers\Admin.php(7): view('admin')
#3 C:\Users\KOMINFO\Documents\112site\project\112site\system\CodeIgniter.php(918): App\Controllers\Admin->index()
#4 C:\Users\KOMINFO\Documents\112site\project\112site\system\CodeIgniter.php(404): CodeIgniter\CodeIgniter->runController(Object(App\Controllers\Admin))
#5 C:\Users\KOMINFO\Documents\112site\project\112site\system\CodeIgniter.php(312): CodeIgniter\CodeIgniter->handleRequest(NULL, Object(Config\Cache), false)
#6 C:\Users\KOMINFO\Documents\112site\project\112site\public\index.php(45): CodeIgniter\CodeIgniter->run()
#7 C:\Users\KOMINFO\Documents\112site\project\112site\system\Commands\Server\rewrite.php(34): require_once('C:\\Users\\KOMINF...')
#8 {main}
CRITICAL - 2021-01-06 00:21:42 --> Invalid file: admin.php
#0 C:\Users\KOMINFO\Documents\112site\project\112site\system\View\View.php(228): CodeIgniter\Exceptions\FrameworkException::forInvalidFile('admin.php')
#1 C:\Users\KOMINFO\Documents\112site\project\112site\system\Common.php(1119): CodeIgniter\View\View->render('admin', Array, true)
#2 C:\Users\KOMINFO\Documents\112site\project\112site\app\Controllers\Admin.php(7): view('admin')
#3 C:\Users\KOMINFO\Documents\112site\project\112site\system\CodeIgniter.php(918): App\Controllers\Admin->index()
#4 C:\Users\KOMINFO\Documents\112site\project\112site\system\CodeIgniter.php(404): CodeIgniter\CodeIgniter->runController(Object(App\Controllers\Admin))
#5 C:\Users\KOMINFO\Documents\112site\project\112site\system\CodeIgniter.php(312): CodeIgniter\CodeIgniter->handleRequest(NULL, Object(Config\Cache), false)
#6 C:\Users\KOMINFO\Documents\112site\project\112site\public\index.php(45): CodeIgniter\CodeIgniter->run()
#7 C:\Users\KOMINFO\Documents\112site\project\112site\system\Commands\Server\rewrite.php(34): require_once('C:\\Users\\KOMINF...')
#8 {main}
CRITICAL - 2021-01-06 00:21:43 --> Invalid file: admin/.php
#0 C:\Users\KOMINFO\Documents\112site\project\112site\system\View\View.php(228): CodeIgniter\Exceptions\FrameworkException::forInvalidFile('admin/.php')
#1 C:\Users\KOMINFO\Documents\112site\project\112site\system\Common.php(1119): CodeIgniter\View\View->render('admin/', Array, true)
#2 C:\Users\KOMINFO\Documents\112site\project\112site\app\Controllers\Admin.php(7): view('admin/')
#3 C:\Users\KOMINFO\Documents\112site\project\112site\system\CodeIgniter.php(918): App\Controllers\Admin->index()
#4 C:\Users\KOMINFO\Documents\112site\project\112site\system\CodeIgniter.php(404): CodeIgniter\CodeIgniter->runController(Object(App\Controllers\Admin))
#5 C:\Users\KOMINFO\Documents\112site\project\112site\system\CodeIgniter.php(312): CodeIgniter\CodeIgniter->handleRequest(NULL, Object(Config\Cache), false)
#6 C:\Users\KOMINFO\Documents\112site\project\112site\public\index.php(45): CodeIgniter\CodeIgniter->run()
#7 C:\Users\KOMINFO\Documents\112site\project\112site\system\Commands\Server\rewrite.php(34): require_once('C:\\Users\\KOMINF...')
#8 {main}
CRITICAL - 2021-01-06 00:44:57 --> Invalid file: layout/side.php
#0 C:\Users\KOMINFO\Documents\112site\project\112site\system\View\View.php(228): CodeIgniter\Exceptions\FrameworkException::forInvalidFile('layout/side.php')
#1 C:\Users\KOMINFO\Documents\112site\project\112site\system\Common.php(1119): CodeIgniter\View\View->render('layout/side', Array, true)
#2 C:\Users\KOMINFO\Documents\112site\project\112site\app\Controllers\Admin.php(9): view('layout/side')
#3 C:\Users\KOMINFO\Documents\112site\project\112site\system\CodeIgniter.php(918): App\Controllers\Admin->index()
#4 C:\Users\KOMINFO\Documents\112site\project\112site\system\CodeIgniter.php(404): CodeIgniter\CodeIgniter->runController(Object(App\Controllers\Admin))
#5 C:\Users\KOMINFO\Documents\112site\project\112site\system\CodeIgniter.php(312): CodeIgniter\CodeIgniter->handleRequest(NULL, Object(Config\Cache), false)
#6 C:\Users\KOMINFO\Documents\112site\project\112site\public\index.php(45): CodeIgniter\CodeIgniter->run()
#7 C:\Users\KOMINFO\Documents\112site\project\112site\system\Commands\Server\rewrite.php(34): require_once('C:\\Users\\KOMINF...')
#8 {main}
CRITICAL - 2021-01-06 22:27:43 --> Call to a member function findAll() on null
#0 C:\Users\KOMINFO\Documents\112site\project\112site\system\CodeIgniter.php(918): App\Controllers\Admin->reportlaporan()
#1 C:\Users\KOMINFO\Documents\112site\project\112site\system\CodeIgniter.php(404): CodeIgniter\CodeIgniter->runController(Object(App\Controllers\Admin))
#2 C:\Users\KOMINFO\Documents\112site\project\112site\system\CodeIgniter.php(312): CodeIgniter\CodeIgniter->handleRequest(NULL, Object(Config\Cache), false)
#3 C:\Users\KOMINFO\Documents\112site\project\112site\public\index.php(45): CodeIgniter\CodeIgniter->run()
#4 C:\Users\KOMINFO\Documents\112site\project\112site\system\Commands\Server\rewrite.php(34): require_once('C:\\Users\\KOMINF...')
#5 {main}
CRITICAL - 2021-01-06 22:27:44 --> Call to a member function findAll() on null
#0 C:\Users\KOMINFO\Documents\112site\project\112site\system\CodeIgniter.php(918): App\Controllers\Admin->reportlaporan()
#1 C:\Users\KOMINFO\Documents\112site\project\112site\system\CodeIgniter.php(404): CodeIgniter\CodeIgniter->runController(Object(App\Controllers\Admin))
#2 C:\Users\KOMINFO\Documents\112site\project\112site\system\CodeIgniter.php(312): CodeIgniter\CodeIgniter->handleRequest(NULL, Object(Config\Cache), false)
#3 C:\Users\KOMINFO\Documents\112site\project\112site\public\index.php(45): CodeIgniter\CodeIgniter->run()
#4 C:\Users\KOMINFO\Documents\112site\project\112site\system\Commands\Server\rewrite.php(34): require_once('C:\\Users\\KOMINF...')
#5 {main}
CRITICAL - 2021-01-06 22:53:40 --> Undefined variable: reportL
#0 C:\Users\KOMINFO\Documents\112site\project\112site\app\Views\admin\user.php(76): CodeIgniter\Debug\Exceptions->errorHandler(8, 'Undefined varia...', 'C:\\Users\\KOMINF...', 76, Array)
#1 C:\Users\KOMINFO\Documents\112site\project\112site\system\View\View.php(246): include('C:\\Users\\KOMINF...')
#2 C:\Users\KOMINFO\Documents\112site\project\112site\system\Common.php(1119): CodeIgniter\View\View->render('admin/user', Array, true)
#3 C:\Users\KOMINFO\Documents\112site\project\112site\app\Controllers\Admin.php(28): view('admin/user')
#4 C:\Users\KOMINFO\Documents\112site\project\112site\system\CodeIgniter.php(918): App\Controllers\Admin->user()
#5 C:\Users\KOMINFO\Documents\112site\project\112site\system\CodeIgniter.php(404): CodeIgniter\CodeIgniter->runController(Object(App\Controllers\Admin))
#6 C:\Users\KOMINFO\Documents\112site\project\112site\system\CodeIgniter.php(312): CodeIgniter\CodeIgniter->handleRequest(NULL, Object(Config\Cache), false)
#7 C:\Users\KOMINFO\Documents\112site\project\112site\public\index.php(45): CodeIgniter\CodeIgniter->run()
#8 C:\Users\KOMINFO\Documents\112site\project\112site\system\Commands\Server\rewrite.php(34): require_once('C:\\Users\\KOMINF...')
#9 {main}
CRITICAL - 2021-01-06 22:53:48 --> Undefined variable: auth
#0 C:\Users\KOMINFO\Documents\112site\project\112site\app\Views\admin\user.php(76): CodeIgniter\Debug\Exceptions->errorHandler(8, 'Undefined varia...', 'C:\\Users\\KOMINF...', 76, Array)
#1 C:\Users\KOMINFO\Documents\112site\project\112site\system\View\View.php(246): include('C:\\Users\\KOMINF...')
#2 C:\Users\KOMINFO\Documents\112site\project\112site\system\Common.php(1119): CodeIgniter\View\View->render('admin/user', Array, true)
#3 C:\Users\KOMINFO\Documents\112site\project\112site\app\Controllers\Admin.php(28): view('admin/user')
#4 C:\Users\KOMINFO\Documents\112site\project\112site\system\CodeIgniter.php(918): App\Controllers\Admin->user()
#5 C:\Users\KOMINFO\Documents\112site\project\112site\system\CodeIgniter.php(404): CodeIgniter\CodeIgniter->runController(Object(App\Controllers\Admin))
#6 C:\Users\KOMINFO\Documents\112site\project\112site\system\CodeIgniter.php(312): CodeIgniter\CodeIgniter->handleRequest(NULL, Object(Config\Cache), false)
#7 C:\Users\KOMINFO\Documents\112site\project\112site\public\index.php(45): CodeIgniter\CodeIgniter->run()
#8 C:\Users\KOMINFO\Documents\112site\project\112site\system\Commands\Server\rewrite.php(34): require_once('C:\\Users\\KOMINF...')
#9 {main}
CRITICAL - 2021-01-06 22:53:49 --> Undefined variable: auth
#0 C:\Users\KOMINFO\Documents\112site\project\112site\app\Views\admin\user.php(76): CodeIgniter\Debug\Exceptions->errorHandler(8, 'Undefined varia...', 'C:\\Users\\KOMINF...', 76, Array)
#1 C:\Users\KOMINFO\Documents\112site\project\112site\system\View\View.php(246): include('C:\\Users\\KOMINF...')
#2 C:\Users\KOMINFO\Documents\112site\project\112site\system\Common.php(1119): CodeIgniter\View\View->render('admin/user', Array, true)
#3 C:\Users\KOMINFO\Documents\112site\project\112site\app\Controllers\Admin.php(28): view('admin/user')
#4 C:\Users\KOMINFO\Documents\112site\project\112site\system\CodeIgniter.php(918): App\Controllers\Admin->user()
#5 C:\Users\KOMINFO\Documents\112site\project\112site\system\CodeIgniter.php(404): CodeIgniter\CodeIgniter->runController(Object(App\Controllers\Admin))
#6 C:\Users\KOMINFO\Documents\112site\project\112site\system\CodeIgniter.php(312): CodeIgniter\CodeIgniter->handleRequest(NULL, Object(Config\Cache), false)
#7 C:\Users\KOMINFO\Documents\112site\project\112site\public\index.php(45): CodeIgniter\CodeIgniter->run()
#8 C:\Users\KOMINFO\Documents\112site\project\112site\system\Commands\Server\rewrite.php(34): require_once('C:\\Users\\KOMINF...')
#9 {main}
CRITICAL - 2021-01-06 22:54:32 --> Undefined variable: auth
#0 C:\Users\KOMINFO\Documents\112site\project\112site\app\Views\admin\user.php(76): CodeIgniter\Debug\Exceptions->errorHandler(8, 'Undefined varia...', 'C:\\Users\\KOMINF...', 76, Array)
#1 C:\Users\KOMINFO\Documents\112site\project\112site\system\View\View.php(246): include('C:\\Users\\KOMINF...')
#2 C:\Users\KOMINFO\Documents\112site\project\112site\system\Common.php(1119): CodeIgniter\View\View->render('admin/user', Array, true)
#3 C:\Users\KOMINFO\Documents\112site\project\112site\app\Controllers\Admin.php(28): view('admin/user')
#4 C:\Users\KOMINFO\Documents\112site\project\112site\system\CodeIgniter.php(918): App\Controllers\Admin->user()
#5 C:\Users\KOMINFO\Documents\112site\project\112site\system\CodeIgniter.php(404): CodeIgniter\CodeIgniter->runController(Object(App\Controllers\Admin))
#6 C:\Users\KOMINFO\Documents\112site\project\112site\system\CodeIgniter.php(312): CodeIgniter\CodeIgniter->handleRequest(NULL, Object(Config\Cache), false)
#7 C:\Users\KOMINFO\Documents\112site\project\112site\public\index.php(45): CodeIgniter\CodeIgniter->run()
#8 C:\Users\KOMINFO\Documents\112site\project\112site\system\Commands\Server\rewrite.php(34): require_once('C:\\Users\\KOMINF...')
#9 {main}
CRITICAL - 2021-01-06 22:54:32 --> Undefined variable: auth
#0 C:\Users\KOMINFO\Documents\112site\project\112site\app\Views\admin\user.php(76): CodeIgniter\Debug\Exceptions->errorHandler(8, 'Undefined varia...', 'C:\\Users\\KOMINF...', 76, Array)
#1 C:\Users\KOMINFO\Documents\112site\project\112site\system\View\View.php(246): include('C:\\Users\\KOMINF...')
#2 C:\Users\KOMINFO\Documents\112site\project\112site\system\Common.php(1119): CodeIgniter\View\View->render('admin/user', Array, true)
#3 C:\Users\KOMINFO\Documents\112site\project\112site\app\Controllers\Admin.php(28): view('admin/user')
#4 C:\Users\KOMINFO\Documents\112site\project\112site\system\CodeIgniter.php(918): App\Controllers\Admin->user()
#5 C:\Users\KOMINFO\Documents\112site\project\112site\system\CodeIgniter.php(404): CodeIgniter\CodeIgniter->runController(Object(App\Controllers\Admin))
#6 C:\Users\KOMINFO\Documents\112site\project\112site\system\CodeIgniter.php(312): CodeIgniter\CodeIgniter->handleRequest(NULL, Object(Config\Cache), false)
#7 C:\Users\KOMINFO\Documents\112site\project\112site\public\index.php(45): CodeIgniter\CodeIgniter->run()
#8 C:\Users\KOMINFO\Documents\112site\project\112site\system\Commands\Server\rewrite.php(34): require_once('C:\\Users\\KOMINF...')
#9 {main}
CRITICAL - 2021-01-06 22:55:16 --> Cannot redeclare App\Controllers\Admin::$reportlaporanModel
#0 [internal function]: CodeIgniter\Debug\Exceptions->shutdownHandler()
#1 {main}
CRITICAL - 2021-01-06 22:55:16 --> Undefined variable: auth
#0 C:\Users\KOMINFO\Documents\112site\project\112site\app\Views\admin\user.php(76): CodeIgniter\Debug\Exceptions->errorHandler(8, 'Undefined varia...', 'C:\\Users\\KOMINF...', 76, Array)
#1 C:\Users\KOMINFO\Documents\112site\project\112site\system\View\View.php(246): include('C:\\Users\\KOMINF...')
#2 C:\Users\KOMINFO\Documents\112site\project\112site\system\Common.php(1119): CodeIgniter\View\View->render('admin/user', Array, true)
#3 C:\Users\KOMINFO\Documents\112site\project\112site\app\Controllers\Admin.php(29): view('admin/user')
#4 C:\Users\KOMINFO\Documents\112site\project\112site\system\CodeIgniter.php(918): App\Controllers\Admin->user()
#5 C:\Users\KOMINFO\Documents\112site\project\112site\system\CodeIgniter.php(404): CodeIgniter\CodeIgniter->runController(Object(App\Controllers\Admin))
#6 C:\Users\KOMINFO\Documents\112site\project\112site\system\CodeIgniter.php(312): CodeIgniter\CodeIgniter->handleRequest(NULL, Object(Config\Cache), false)
#7 C:\Users\KOMINFO\Documents\112site\project\112site\public\index.php(45): CodeIgniter\CodeIgniter->run()
#8 C:\Users\KOMINFO\Documents\112site\project\112site\system\Commands\Server\rewrite.php(34): require_once('C:\\Users\\KOMINF...')
#9 {main}
CRITICAL - 2021-01-06 22:55:17 --> Undefined variable: auth
#0 C:\Users\KOMINFO\Documents\112site\project\112site\app\Views\admin\user.php(76): CodeIgniter\Debug\Exceptions->errorHandler(8, 'Undefined varia...', 'C:\\Users\\KOMINF...', 76, Array)
#1 C:\Users\KOMINFO\Documents\112site\project\112site\system\View\View.php(246): include('C:\\Users\\KOMINF...')
#2 C:\Users\KOMINFO\Documents\112site\project\112site\system\Common.php(1119): CodeIgniter\View\View->render('admin/user', Array, true)
#3 C:\Users\KOMINFO\Documents\112site\project\112site\app\Controllers\Admin.php(29): view('admin/user')
#4 C:\Users\KOMINFO\Documents\112site\project\112site\system\CodeIgniter.php(918): App\Controllers\Admin->user()
#5 C:\Users\KOMINFO\Documents\112site\project\112site\system\CodeIgniter.php(404): CodeIgniter\CodeIgniter->runController(Object(App\Controllers\Admin))
#6 C:\Users\KOMINFO\Documents\112site\project\112site\system\CodeIgniter.php(312): CodeIgniter\CodeIgniter->handleRequest(NULL, Object(Config\Cache), false)
#7 C:\Users\KOMINFO\Documents\112site\project\112site\public\index.php(45): CodeIgniter\CodeIgniter->run()
#8 C:\Users\KOMINFO\Documents\112site\project\112site\system\Commands\Server\rewrite.php(34): require_once('C:\\Users\\KOMINF...')
#9 {main}
CRITICAL - 2021-01-06 22:55:17 --> Undefined variable: auth
#0 C:\Users\KOMINFO\Documents\112site\project\112site\app\Views\admin\user.php(76): CodeIgniter\Debug\Exceptions->errorHandler(8, 'Undefined varia...', 'C:\\Users\\KOMINF...', 76, Array)
#1 C:\Users\KOMINFO\Documents\112site\project\112site\system\View\View.php(246): include('C:\\Users\\KOMINF...')
#2 C:\Users\KOMINFO\Documents\112site\project\112site\system\Common.php(1119): CodeIgniter\View\View->render('admin/user', Array, true)
#3 C:\Users\KOMINFO\Documents\112site\project\112site\app\Controllers\Admin.php(29): view('admin/user')
#4 C:\Users\KOMINFO\Documents\112site\project\112site\system\CodeIgniter.php(918): App\Controllers\Admin->user()
#5 C:\Users\KOMINFO\Documents\112site\project\112site\system\CodeIgniter.php(404): CodeIgniter\CodeIgniter->runController(Object(App\Controllers\Admin))
#6 C:\Users\KOMINFO\Documents\112site\project\112site\system\CodeIgniter.php(312): CodeIgniter\CodeIgniter->handleRequest(NULL, Object(Config\Cache), false)
#7 C:\Users\KOMINFO\Documents\112site\project\112site\public\index.php(45): CodeIgniter\CodeIgniter->run()
#8 C:\Users\KOMINFO\Documents\112site\project\112site\system\Commands\Server\rewrite.php(34): require_once('C:\\Users\\KOMINF...')
#9 {main}
CRITICAL - 2021-01-06 22:55:18 --> Undefined variable: auth
#0 C:\Users\KOMINFO\Documents\112site\project\112site\app\Views\admin\user.php(76): CodeIgniter\Debug\Exceptions->errorHandler(8, 'Undefined varia...', 'C:\\Users\\KOMINF...', 76, Array)
#1 C:\Users\KOMINFO\Documents\112site\project\112site\system\View\View.php(246): include('C:\\Users\\KOMINF...')
#2 C:\Users\KOMINFO\Documents\112site\project\112site\system\Common.php(1119): CodeIgniter\View\View->render('admin/user', Array, true)
#3 C:\Users\KOMINFO\Documents\112site\project\112site\app\Controllers\Admin.php(29): view('admin/user')
#4 C:\Users\KOMINFO\Documents\112site\project\112site\system\CodeIgniter.php(918): App\Controllers\Admin->user()
#5 C:\Users\KOMINFO\Documents\112site\project\112site\system\CodeIgniter.php(404): CodeIgniter\CodeIgniter->runController(Object(App\Controllers\Admin))
#6 C:\Users\KOMINFO\Documents\112site\project\112site\system\CodeIgniter.php(312): CodeIgniter\CodeIgniter->handleRequest(NULL, Object(Config\Cache), false)
#7 C:\Users\KOMINFO\Documents\112site\project\112site\public\index.php(45): CodeIgniter\CodeIgniter->run()
#8 C:\Users\KOMINFO\Documents\112site\project\112site\system\Commands\Server\rewrite.php(34): require_once('C:\\Users\\KOMINF...')
#9 {main}
CRITICAL - 2021-01-06 22:55:18 --> Undefined variable: auth
#0 C:\Users\KOMINFO\Documents\112site\project\112site\app\Views\admin\user.php(76): CodeIgniter\Debug\Exceptions->errorHandler(8, 'Undefined varia...', 'C:\\Users\\KOMINF...', 76, Array)
#1 C:\Users\KOMINFO\Documents\112site\project\112site\system\View\View.php(246): include('C:\\Users\\KOMINF...')
#2 C:\Users\KOMINFO\Documents\112site\project\112site\system\Common.php(1119): CodeIgniter\View\View->render('admin/user', Array, true)
#3 C:\Users\KOMINFO\Documents\112site\project\112site\app\Controllers\Admin.php(29): view('admin/user')
#4 C:\Users\KOMINFO\Documents\112site\project\112site\system\CodeIgniter.php(918): App\Controllers\Admin->user()
#5 C:\Users\KOMINFO\Documents\112site\project\112site\system\CodeIgniter.php(404): CodeIgniter\CodeIgniter->runController(Object(App\Controllers\Admin))
#6 C:\Users\KOMINFO\Documents\112site\project\112site\system\CodeIgniter.php(312): CodeIgniter\CodeIgniter->handleRequest(NULL, Object(Config\Cache), false)
#7 C:\Users\KOMINFO\Documents\112site\project\112site\public\index.php(45): CodeIgniter\CodeIgniter->run()
#8 C:\Users\KOMINFO\Documents\112site\project\112site\system\Commands\Server\rewrite.php(34): require_once('C:\\Users\\KOMINF...')
#9 {main}
CRITICAL - 2021-01-06 22:55:18 --> Undefined variable: auth
#0 C:\Users\KOMINFO\Documents\112site\project\112site\app\Views\admin\user.php(76): CodeIgniter\Debug\Exceptions->errorHandler(8, 'Undefined varia...', 'C:\\Users\\KOMINF...', 76, Array)
#1 C:\Users\KOMINFO\Documents\112site\project\112site\system\View\View.php(246): include('C:\\Users\\KOMINF...')
#2 C:\Users\KOMINFO\Documents\112site\project\112site\system\Common.php(1119): CodeIgniter\View\View->render('admin/user', Array, true)
#3 C:\Users\KOMINFO\Documents\112site\project\112site\app\Controllers\Admin.php(29): view('admin/user')
#4 C:\Users\KOMINFO\Documents\112site\project\112site\system\CodeIgniter.php(918): App\Controllers\Admin->user()
#5 C:\Users\KOMINFO\Documents\112site\project\112site\system\CodeIgniter.php(404): CodeIgniter\CodeIgniter->runController(Object(App\Controllers\Admin))
#6 C:\Users\KOMINFO\Documents\112site\project\112site\system\CodeIgniter.php(312): CodeIgniter\CodeIgniter->handleRequest(NULL, Object(Config\Cache), false)
#7 C:\Users\KOMINFO\Documents\112site\project\112site\public\index.php(45): CodeIgniter\CodeIgniter->run()
#8 C:\Users\KOMINFO\Documents\112site\project\112site\system\Commands\Server\rewrite.php(34): require_once('C:\\Users\\KOMINF...')
#9 {main}
CRITICAL - 2021-01-06 22:55:19 --> Undefined variable: auth
#0 C:\Users\KOMINFO\Documents\112site\project\112site\app\Views\admin\user.php(76): CodeIgniter\Debug\Exceptions->errorHandler(8, 'Undefined varia...', 'C:\\Users\\KOMINF...', 76, Array)
#1 C:\Users\KOMINFO\Documents\112site\project\112site\system\View\View.php(246): include('C:\\Users\\KOMINF...')
#2 C:\Users\KOMINFO\Documents\112site\project\112site\system\Common.php(1119): CodeIgniter\View\View->render('admin/user', Array, true)
#3 C:\Users\KOMINFO\Documents\112site\project\112site\app\Controllers\Admin.php(29): view('admin/user')
#4 C:\Users\KOMINFO\Documents\112site\project\112site\system\CodeIgniter.php(918): App\Controllers\Admin->user()
#5 C:\Users\KOMINFO\Documents\112site\project\112site\system\CodeIgniter.php(404): CodeIgniter\CodeIgniter->runController(Object(App\Controllers\Admin))
#6 C:\Users\KOMINFO\Documents\112site\project\112site\system\CodeIgniter.php(312): CodeIgniter\CodeIgniter->handleRequest(NULL, Object(Config\Cache), false)
#7 C:\Users\KOMINFO\Documents\112site\project\112site\public\index.php(45): CodeIgniter\CodeIgniter->run()
#8 C:\Users\KOMINFO\Documents\112site\project\112site\system\Commands\Server\rewrite.php(34): require_once('C:\\Users\\KOMINF...')
#9 {main}
CRITICAL - 2021-01-06 22:55:19 --> Undefined variable: auth
#0 C:\Users\KOMINFO\Documents\112site\project\112site\app\Views\admin\user.php(76): CodeIgniter\Debug\Exceptions->errorHandler(8, 'Undefined varia...', 'C:\\Users\\KOMINF...', 76, Array)
#1 C:\Users\KOMINFO\Documents\112site\project\112site\system\View\View.php(246): include('C:\\Users\\KOMINF...')
#2 C:\Users\KOMINFO\Documents\112site\project\112site\system\Common.php(1119): CodeIgniter\View\View->render('admin/user', Array, true)
#3 C:\Users\KOMINFO\Documents\112site\project\112site\app\Controllers\Admin.php(29): view('admin/user')
#4 C:\Users\KOMINFO\Documents\112site\project\112site\system\CodeIgniter.php(918): App\Controllers\Admin->user()
#5 C:\Users\KOMINFO\Documents\112site\project\112site\system\CodeIgniter.php(404): CodeIgniter\CodeIgniter->runController(Object(App\Controllers\Admin))
#6 C:\Users\KOMINFO\Documents\112site\project\112site\system\CodeIgniter.php(312): CodeIgniter\CodeIgniter->handleRequest(NULL, Object(Config\Cache), false)
#7 C:\Users\KOMINFO\Documents\112site\project\112site\public\index.php(45): CodeIgniter\CodeIgniter->run()
#8 C:\Users\KOMINFO\Documents\112site\project\112site\system\Commands\Server\rewrite.php(34): require_once('C:\\Users\\KOMINF...')
#9 {main}
CRITICAL - 2021-01-06 22:55:19 --> Undefined variable: auth
#0 C:\Users\KOMINFO\Documents\112site\project\112site\app\Views\admin\user.php(76): CodeIgniter\Debug\Exceptions->errorHandler(8, 'Undefined varia...', 'C:\\Users\\KOMINF...', 76, Array)
#1 C:\Users\KOMINFO\Documents\112site\project\112site\system\View\View.php(246): include('C:\\Users\\KOMINF...')
#2 C:\Users\KOMINFO\Documents\112site\project\112site\system\Common.php(1119): CodeIgniter\View\View->render('admin/user', Array, true)
#3 C:\Users\KOMINFO\Documents\112site\project\112site\app\Controllers\Admin.php(29): view('admin/user')
#4 C:\Users\KOMINFO\Documents\112site\project\112site\system\CodeIgniter.php(918): App\Controllers\Admin->user()
#5 C:\Users\KOMINFO\Documents\112site\project\112site\system\CodeIgniter.php(404): CodeIgniter\CodeIgniter->runController(Object(App\Controllers\Admin))
#6 C:\Users\KOMINFO\Documents\112site\project\112site\system\CodeIgniter.php(312): CodeIgniter\CodeIgniter->handleRequest(NULL, Object(Config\Cache), false)
#7 C:\Users\KOMINFO\Documents\112site\project\112site\public\index.php(45): CodeIgniter\CodeIgniter->run()
#8 C:\Users\KOMINFO\Documents\112site\project\112site\system\Commands\Server\rewrite.php(34): require_once('C:\\Users\\KOMINF...')
#9 {main}
CRITICAL - 2021-01-06 22:55:19 --> Undefined variable: auth
#0 C:\Users\KOMINFO\Documents\112site\project\112site\app\Views\admin\user.php(76): CodeIgniter\Debug\Exceptions->errorHandler(8, 'Undefined varia...', 'C:\\Users\\KOMINF...', 76, Array)
#1 C:\Users\KOMINFO\Documents\112site\project\112site\system\View\View.php(246): include('C:\\Users\\KOMINF...')
#2 C:\Users\KOMINFO\Documents\112site\project\112site\system\Common.php(1119): CodeIgniter\View\View->render('admin/user', Array, true)
#3 C:\Users\KOMINFO\Documents\112site\project\112site\app\Controllers\Admin.php(29): view('admin/user')
#4 C:\Users\KOMINFO\Documents\112site\project\112site\system\CodeIgniter.php(918): App\Controllers\Admin->user()
#5 C:\Users\KOMINFO\Documents\112site\project\112site\system\CodeIgniter.php(404): CodeIgniter\CodeIgniter->runController(Object(App\Controllers\Admin))
#6 C:\Users\KOMINFO\Documents\112site\project\112site\system\CodeIgniter.php(312): CodeIgniter\CodeIgniter->handleRequest(NULL, Object(Config\Cache), false)
#7 C:\Users\KOMINFO\Documents\112site\project\112site\public\index.php(45): CodeIgniter\CodeIgniter->run()
#8 C:\Users\KOMINFO\Documents\112site\project\112site\system\Commands\Server\rewrite.php(34): require_once('C:\\Users\\KOMINF...')
#9 {main}
