CRITICAL - 2021-01-05 20:07:19 --> Invalid file: home.php
#0 C:\Users\KOMINFO\Documents\112site\project\112site\system\View\View.php(228): CodeIgniter\Exceptions\FrameworkException::forInvalidFile('home.php')
#1 C:\Users\KOMINFO\Documents\112site\project\112site\system\Common.php(1119): CodeIgniter\View\View->render('home', Array, true)
#2 C:\Users\KOMINFO\Documents\112site\project\112site\app\Controllers\Home.php(7): view('home')
#3 C:\Users\KOMINFO\Documents\112site\project\112site\system\CodeIgniter.php(918): App\Controllers\Home->index()
#4 C:\Users\KOMINFO\Documents\112site\project\112site\system\CodeIgniter.php(404): CodeIgniter\CodeIgniter->runController(Object(App\Controllers\Home))
#5 C:\Users\KOMINFO\Documents\112site\project\112site\system\CodeIgniter.php(312): CodeIgniter\CodeIgniter->handleRequest(NULL, Object(Config\Cache), false)
#6 C:\Users\KOMINFO\Documents\112site\project\112site\public\index.php(45): CodeIgniter\CodeIgniter->run()
#7 C:\Users\KOMINFO\Documents\112site\project\112site\system\Commands\Server\rewrite.php(34): require_once('C:\\Users\\KOMINF...')
#8 {main}
CRITICAL - 2021-01-05 20:07:20 --> Invalid file: home.php
#0 C:\Users\KOMINFO\Documents\112site\project\112site\system\View\View.php(228): CodeIgniter\Exceptions\FrameworkException::forInvalidFile('home.php')
#1 C:\Users\KOMINFO\Documents\112site\project\112site\system\Common.php(1119): CodeIgniter\View\View->render('home', Array, true)
#2 C:\Users\KOMINFO\Documents\112site\project\112site\app\Controllers\Home.php(7): view('home')
#3 C:\Users\KOMINFO\Documents\112site\project\112site\system\CodeIgniter.php(918): App\Controllers\Home->index()
#4 C:\Users\KOMINFO\Documents\112site\project\112site\system\CodeIgniter.php(404): CodeIgniter\CodeIgniter->runController(Object(App\Controllers\Home))
#5 C:\Users\KOMINFO\Documents\112site\project\112site\system\CodeIgniter.php(312): CodeIgniter\CodeIgniter->handleRequest(NULL, Object(Config\Cache), false)
#6 C:\Users\KOMINFO\Documents\112site\project\112site\public\index.php(45): CodeIgniter\CodeIgniter->run()
#7 C:\Users\KOMINFO\Documents\112site\project\112site\system\Commands\Server\rewrite.php(34): require_once('C:\\Users\\KOMINF...')
#8 {main}
